<?xml version="1.0" encoding="UTF-8"?>
<!-- Generated by org.testng.reporters.JUnitXMLReporter -->
<testsuite ignored="0" hostname="DESKTOP-IPENFP4" failures="0" tests="3" name="Submit Order Test" time="64.503" errors="0" timestamp="2024-08-26T14:14:06 EEST">
  <testcase classname="leventebanyoi.tests.SubmitOrderTest" name="submitOrder" time="20.177"/>
  <testcase classname="leventebanyoi.tests.SubmitOrderTest" name="submitOrder" time="16.345"/>
  <testcase classname="leventebanyoi.tests.SubmitOrderTest" name="OrderHistoryTest" time="3.362"/>
</testsuite> <!-- Submit Order Test -->
