<?xml version="1.0" encoding="UTF-8"?>
<!-- Generated by org.testng.reporters.JUnitXMLReporter -->
<testsuite ignored="0" hostname="DESKTOP-IPENFP4" failures="1" tests="3" name="Error Validation Test" time="40.729" errors="0" timestamp="2024-08-26T17:50:55 EEST">
  <testcase classname="leventebanyoi.tests.ErrorValidationsTest" name="LoginErrorValidation" time="2.901">
    <skipped/>
  </testcase> <!-- LoginErrorValidation -->
  <testcase classname="leventebanyoi.tests.ErrorValidationsTest" name="LoginErrorValidation" time="2.263">
    <failure type="java.lang.AssertionError" message="expected [Incorrect email or password.] but found [Incorrect email  password.]">
      <![CDATA[java.lang.AssertionError: expected [Incorrect email or password.] but found [Incorrect email  password.]
at leventebanyoi.tests.ErrorValidationsTest.LoginErrorValidation(ErrorValidationsTest.java:22)
at java.base/java.util.ArrayList.forEach(ArrayList.java:1597)
at java.base/java.util.concurrent.FutureTask.run(FutureTask.java:317)
at java.base/java.util.concurrent.ThreadPoolExecutor.runWorker(ThreadPoolExecutor.java:1144)
at java.base/java.util.concurrent.ThreadPoolExecutor$Worker.run(ThreadPoolExecutor.java:642)
at java.base/java.lang.Thread.run(Thread.java:1570)
... Removed 21 stack frames]]>
    </failure>
  </testcase> <!-- LoginErrorValidation -->
  <testcase classname="leventebanyoi.tests.ErrorValidationsTest" name="ProductErrorValidation" time="6.106"/>
</testsuite> <!-- Error Validation Test -->
