<?xml version="1.0" encoding="UTF-8"?>
<!-- Generated by org.testng.reporters.JUnitXMLReporter -->
<testsuite ignored="0" hostname="DESKTOP-IPENFP4" failures="0" tests="3" name="Submit Order Test" time="45.462" errors="0" timestamp="2024-08-26T17:50:58 EEST">
  <testcase classname="leventebanyoi.tests.SubmitOrderTest" name="submitOrder" time="8.695"/>
  <testcase classname="leventebanyoi.tests.SubmitOrderTest" name="submitOrder" time="6.748"/>
  <testcase classname="leventebanyoi.tests.SubmitOrderTest" name="OrderHistoryTest" time="2.469"/>
</testsuite> <!-- Submit Order Test -->
